2 5 0 0 16 8 6 6 6 49
500
8 5 8 8 5 4 8 1 1 0
0 1 1 4 7 4 1 5 5 5
5 8 5 4 8 6 4 6 6 4
7 4 4 7 4 4 4 4 6 4
4 7 7 7 5 6 6 4 4 15
15 15 15 15 15 15 15 15 15 15
15 15 15 15 15 15 15 15 15 15
15 15 15 15 15 15 15 15 15 15
15 15 15 15 15 15 15 15 15 15
15 15 15 15 15 15 15 15 15 15
15 15 15 15 15 15 15 15 15 15
15 15 15 15 15 15 15 15 15 15
15 15 15 15 15 15 15 15 15 15
15 15 15 15 15 15 15 15 15 15
15 15 15 15 15 15 15 15 15 15
15 15 15 15 15 15 15 15 15 15
15 15 15 15 15 15 15 15 15 15
15 15 15 15 15 15 15 15 15 15
15 15 15 15 15 15 15 15 15 15
15 15 15 15 15 15 15 15 15 15
15 15 15 15 15 15 15 15 15 15
15 15 15 15 15 15 15 15 15 15
15 15 15 15 15 15 15 15 15 15
15 15 15 15 15 15 15 15 15 15
15 15 15 15 15 15 15 15 15 15
15 15 15 15 15 15 15 15 15 15
15 15 15 15 15 15 15 15 15 15
15 15 15 15 15 15 15 15 15 15
15 15 15 15 15 15 15 15 15 15
15 15 15 15 15 15 15 15 15 15
15 15 15 15 15 15 15 15 15 15
15 15 15 15 15 15 15 15 15 15
15 15 15 15 15 15 15 15 15 15
15 15 15 15 15 15 15 15 15 15
15 15 15 15 15 15 15 15 15 15
15 15 15 15 15 15 15 15 15 15
15 15 15 15 15 15 15 15 15 15
15 15 15 15 15 15 15 15 15 15
15 15 15 15 15 15 15 15 15 15
15 15 15 15 15 15 15 15 15 15
15 15 15 15 15 15 15 15 15 15
15 15 15 15 15 15 15 15 15 15
15 15 15 15 15 15 15 15 15 15
15 15 15 15 15 15 15 15 15 15
15 15 15 15 15 15 15 15 15 15
15 15 15 15 15 15 15 15 15 15
15 15 15 15 15 15 15 15 15 15
15 15 15 15 15 15 15 15 15 15
15 15 15 15 15 15 15 15 15 15
15 15 15 15 15 15 15 15 15 15
