0 0 0 0 0 0 0 0 0 0
500
15 15 15 15 15 15 15 15 15 15
15 15 15 15 15 15 15 15 15 15
15 15 15 15 15 15 15 15 15 15
15 15 15 15 15 15 15 15 15 15
15 15 15 15 15 15 15 15 15 15
15 15 15 15 15 15 15 15 15 15
15 15 15 15 15 15 15 15 15 15
15 15 15 15 15 15 15 15 15 15
15 15 15 15 15 15 15 15 15 15
15 15 15 15 15 15 15 15 15 15
15 15 15 15 15 15 15 15 15 15
15 15 15 15 15 15 15 15 15 15
15 15 15 15 15 15 15 15 15 15
15 15 15 15 15 15 15 15 15 15
15 15 15 15 15 15 15 15 15 15
15 15 15 15 15 15 15 15 15 15
15 15 15 15 15 15 15 15 15 15
15 15 15 15 15 15 15 15 15 15
15 15 15 15 15 15 15 15 15 15
15 15 15 15 15 15 15 15 15 15
15 15 15 15 15 15 15 15 15 15
15 15 15 15 15 15 15 15 15 15
15 15 15 15 15 15 15 15 15 15
15 15 15 15 15 15 15 15 15 15
15 15 15 15 15 15 15 15 15 15
15 15 15 15 15 15 15 15 15 15
15 15 15 15 15 15 15 15 15 15
15 15 15 15 15 15 15 15 15 15
15 15 15 15 15 15 15 15 15 15
15 15 15 15 15 15 15 15 15 15
15 15 15 15 15 15 15 15 15 15
15 15 15 15 15 15 15 15 15 15
15 15 15 15 15 15 15 15 15 15
15 15 15 15 15 15 15 15 15 15
15 15 15 15 15 15 15 15 15 15
15 15 15 15 15 15 15 15 15 15
15 15 15 15 15 15 15 15 15 15
15 15 15 15 15 15 15 15 15 15
15 15 15 15 15 15 15 15 15 15
15 15 15 15 15 15 15 15 15 15
15 15 15 15 15 15 15 15 15 15
15 15 15 15 15 15 15 15 15 15
15 15 15 15 15 15 15 15 15 15
15 15 15 15 15 15 15 15 15 15
15 15 15 15 15 15 15 15 15 15
15 15 15 15 15 15 15 15 15 15
15 15 15 15 15 15 15 15 15 15
15 15 15 15 15 15 15 15 15 15
15 15 15 15 15 15 15 15 15 15
15 15 15 15 15 15 15 15 15 15
